// XD Shell 1.1.0.RELEASE log opened at 2015-03-24 14:08:04
// null 1.1.0.RELEASE log opened at 2015-03-24 14:08:26
module delete sink:riox-websocket
module upload --file "/Users/omoser/Projects/spring-xd-websocket-sink/target/websocket-sink-0.0.1-SNAPSHOT.jar" --type "sink" --name "riox-websocket"
stream create --name "riox-websocket-test" --definition "http --port=9191 | riox-websocket" --deploy
// null 1.1.0.RELEASE log opened at 2015-03-24 14:09:27
module delete sink:riox-websocket
module upload --file "/Users/omoser/Projects/spring-xd-websocket-sink/target/websocket-sink-0.0.1-SNAPSHOT.jar" --type "sink" --name "riox-websocket"
stream create --name "riox-websocket-test" --definition "http --port=9191 | riox-websocket" --deploy
// XD Shell 1.1.0.RELEASE log opened at 2015-03-26 20:19:02
// null 1.1.0.RELEASE log opened at 2015-03-26 20:19:18
module upload --file "../../../target/websocket-sink-0.0.1-SNAPSHOT.jar" --type "sink" --name "riox-websocket"
stream create --name "riox-websocket-test" --definition "http --port=9191 | riox-websocket" --deploy
// XD Shell 1.1.0.RELEASE log opened at 2015-03-26 20:33:44
stream list
stream destroy riox-websocket-test
stream list
module delete sink:riox-websocket
// null 1.1.0.RELEASE log opened at 2015-03-26 20:38:33
module upload --file "../../../target/websocket-sink-0.0.1-SNAPSHOT.jar" --type "sink" --name "riox-websocket"
stream create --name "riox-websocket-test" --definition "http --port=9191 | riox-websocket" --deploy
// null 1.1.0.RELEASE log opened at 2015-03-26 20:43:47
// [failed] module upload --file "../../../target/websocket-sink-0.0.1-SNAPSHOT.jar" --type "sink" --name "riox-websocket"
// null 1.1.0.RELEASE log opened at 2015-03-26 20:44:07
stream destroy "riox-websocket-test"
module delete sink:riox-websocket
module upload --file "../../../target/websocket-sink-0.0.1-SNAPSHOT.jar" --type "sink" --name "riox-websocket"
stream create --name "riox-websocket-test" --definition "http --port=9191 | riox-websocket --port=9292" --deploy
// null 1.1.0.RELEASE log opened at 2015-03-26 20:44:40
stream destroy "riox-websocket-test"
module delete sink:riox-websocket
module upload --file "../../../target/websocket-sink-0.0.1-SNAPSHOT.jar" --type "sink" --name "riox-websocket"
stream create --name "riox-websocket-test" --definition "http --port=9191 | riox-websocket --port=9292" --deploy
// null 1.1.0.RELEASE log opened at 2015-03-26 20:47:27
// [failed] stream destroy "riox-websocket-test"
// null 1.1.0.RELEASE log opened at 2015-03-26 20:47:57
module delete sink:riox-websocket
module upload --file "../../../target/websocket-sink-0.0.1-SNAPSHOT.jar" --type "sink" --name "riox-websocket"
stream create --name "riox-websocket-test" --definition "http --port=9191 | riox-websocket --port=9292" --deploy
// null 1.1.0.RELEASE log opened at 2015-03-26 20:48:24
// [failed] module delete sink:riox-websocket
// null 1.1.0.RELEASE log opened at 2015-03-26 20:48:39
stream destroy "riox-websocket-test"
module delete sink:riox-websocket
module upload --file "../../../target/websocket-sink-0.0.1-SNAPSHOT.jar" --type "sink" --name "riox-websocket"
stream create --name "riox-websocket-test" --definition "http --port=9191 | riox-websocket --port=9292" --deploy
// null 1.1.0.RELEASE log opened at 2015-03-26 20:50:59
// [failed] stream destroy "riox-websocket-test"
// null 1.1.0.RELEASE log opened at 2015-03-26 20:51:05
module delete sink:riox-websocket
module upload --file "../../../target/websocket-sink-0.0.1-SNAPSHOT.jar" --type "sink" --name "riox-websocket"
stream create --name "riox-websocket-test" --definition "http --port=9191 | riox-websocket --port=9292" --deploy
// null 1.1.0.RELEASE log opened at 2015-03-26 20:52:38
stream destroy "riox-websocket-test"
module delete sink:riox-websocket
module upload --file "../../../target/websocket-sink-0.0.1-SNAPSHOT.jar" --type "sink" --name "riox-websocket"
stream create --name "riox-websocket-test" --definition "http --port=9191 | riox-websocket --port=9292" --deploy
// null 1.1.0.RELEASE log opened at 2015-03-26 20:54:13
stream destroy "riox-websocket-test"
module delete sink:riox-websocket
module upload --file "../../../target/websocket-sink-0.0.1-SNAPSHOT.jar" --type "sink" --name "riox-websocket"
stream create --name "riox-websocket-test" --definition "http --port=9191 | riox-websocket --port=9292" --deploy
// null 1.1.0.RELEASE log opened at 2015-03-26 20:57:42
// [failed] stream destroy "riox-websocket-test"
// null 1.1.0.RELEASE log opened at 2015-03-26 20:59:47
// [failed] stream destroy "riox-websocket-test"
// null 1.1.0.RELEASE log opened at 2015-03-26 21:00:01
module delete sink:riox-websocket
module upload --file "../../../target/websocket-sink-0.0.1-SNAPSHOT.jar" --type "sink" --name "riox-websocket"
stream create --name "riox-websocket-test" --definition "http --port=9191 | riox-websocket --port=9292" --deploy
// null 1.1.0.RELEASE log opened at 2015-03-26 21:01:04
stream destroy "riox-websocket-test"
module delete sink:riox-websocket
module upload --file "../../../target/websocket-sink-0.0.1-SNAPSHOT.jar" --type "sink" --name "riox-websocket"
stream create --name "riox-websocket-test" --definition "http --port=9191 | riox-websocket --port=9292" --deploy
